Using pre-set license
Built from '2020.3/staging' branch; Version is '2020.3.16f1 (049d6eca3c44) revision 302446'; Using compiler version '192528614'; Build Type 'Release'
OS: 'Windows 10 Pro; OS build 19043.1237; Version 2009; 64bit' Language: 'en' Physical Memory: 8009 MB
BatchMode: 1, IsHumanControllingUs: 0, StartBugReporterOnCrash: 0, Is64bit: 1, IsPro: 0

 COMMAND LINE ARGUMENTS:
C:\Program Files\2020.3.16f1\Editor\Unity.exe
-adb2
-batchMode
-noUpm
-name
AssetImportWorker0
-projectPath
F:/Game Dev Work/Internship @DeMax Studios/Week_1/MeteroidAttack/Project_Folder/Meteroid_Attack
-logFile
Logs/AssetImportWorker0.log
-srvPort
51864
Successfully changed project path to: F:/Game Dev Work/Internship @DeMax Studios/Week_1/MeteroidAttack/Project_Folder/Meteroid_Attack
F:/Game Dev Work/Internship @DeMax Studios/Week_1/MeteroidAttack/Project_Folder/Meteroid_Attack
Using Asset Import Pipeline V2.
Refreshing native plugins compatible for Editor in 52.84 ms, found 3 plugins.
Preloading 0 native plugins for Editor in 0.00 ms.
Initialize engine version: 2020.3.16f1 (049d6eca3c44)
[Subsystems] Discovering subsystems at path C:/Program Files/2020.3.16f1/Editor/Data/Resources/UnitySubsystems
[Subsystems] Discovering subsystems at path F:/Game Dev Work/Internship @DeMax Studios/Week_1/MeteroidAttack/Project_Folder/Meteroid_Attack/Assets
GfxDevice: creating device client; threaded=0
Direct3D:
    Version:  Direct3D 11.0 [level 11.1]
    Renderer: Intel(R) HD Graphics 4600 (ID=0x412)
    Vendor:   
    VRAM:     2048 MB
    Driver:   20.19.15.4963
Initialize mono
Mono path[0] = 'C:/Program Files/2020.3.16f1/Editor/Data/Managed'
Mono path[1] = 'C:/Program Files/2020.3.16f1/Editor/Data/MonoBleedingEdge/lib/mono/unityjit'
Mono config path = 'C:/Program Files/2020.3.16f1/Editor/Data/MonoBleedingEdge/etc'
Using monoOptions --debugger-agent=transport=dt_socket,embedding=1,server=y,suspend=n,address=127.0.0.1:56948
Begin MonoManager ReloadAssembly
Registering precompiled unity dll's ...
Register platform support module: C:/Program Files/2020.3.16f1/Editor/Data/PlaybackEngines/WindowsStandaloneSupport/UnityEditor.WindowsStandalone.Extensions.dll
Registered in 0.001835 seconds.
Native extension for WindowsStandalone target not found
Refreshing native plugins compatible for Editor in 48.12 ms, found 3 plugins.
Preloading 0 native plugins for Editor in 0.00 ms.
Mono: successfully reloaded assembly
- Completed reload, in  2.032 seconds
Domain Reload Profiling:
	ReloadAssembly (2032ms)
		BeginReloadAssembly (65ms)
			ExecutionOrderSort (0ms)
			DisableScriptedObjects (0ms)
			BackupInstance (0ms)
			ReleaseScriptingObjects (0ms)
			CreateAndSetChildDomain (1ms)
		EndReloadAssembly (556ms)
			LoadAssemblies (62ms)
			RebuildTransferFunctionScriptingTraits (0ms)
			SetupTypeCache (215ms)
			ReleaseScriptCaches (0ms)
			RebuildScriptCaches (39ms)
			SetupLoadedEditorAssemblies (211ms)
				LogAssemblyErrors (0ms)
				InitializePlatformSupportModulesInManaged (5ms)
				SetLoadedEditorAssemblies (0ms)
				RefreshPlugins (48ms)
				BeforeProcessingInitializeOnLoad (20ms)
				ProcessInitializeOnLoadAttributes (99ms)
				ProcessInitializeOnLoadMethodAttributes (38ms)
				AfterProcessingInitializeOnLoad (0ms)
				EditorAssembliesLoaded (0ms)
			ExecutionOrderSort2 (0ms)
			AwakeInstancesAfterBackupRestoration (0ms)
Platform modules already initialized, skipping
Registering precompiled user dll's ...
Registered in 0.004057 seconds.
Begin MonoManager ReloadAssembly
Native extension for WindowsStandalone target not found
Refreshing native plugins compatible for Editor in 47.93 ms, found 3 plugins.
Preloading 0 native plugins for Editor in 0.00 ms.
Mono: successfully reloaded assembly
- Completed reload, in  1.954 seconds
Domain Reload Profiling:
	ReloadAssembly (1955ms)
		BeginReloadAssembly (181ms)
			ExecutionOrderSort (0ms)
			DisableScriptedObjects (5ms)
			BackupInstance (0ms)
			ReleaseScriptingObjects (0ms)
			CreateAndSetChildDomain (27ms)
		EndReloadAssembly (1700ms)
			LoadAssemblies (104ms)
			RebuildTransferFunctionScriptingTraits (0ms)
			SetupTypeCache (423ms)
			ReleaseScriptCaches (1ms)
			RebuildScriptCaches (59ms)
			SetupLoadedEditorAssemblies (955ms)
				LogAssemblyErrors (0ms)
				InitializePlatformSupportModulesInManaged (4ms)
				SetLoadedEditorAssemblies (0ms)
				RefreshPlugins (48ms)
				BeforeProcessingInitializeOnLoad (99ms)
				ProcessInitializeOnLoadAttributes (778ms)
				ProcessInitializeOnLoadMethodAttributes (19ms)
				AfterProcessingInitializeOnLoad (6ms)
				EditorAssembliesLoaded (0ms)
			ExecutionOrderSort2 (0ms)
			AwakeInstancesAfterBackupRestoration (9ms)
Platform modules already initialized, skipping
========================================================================
Worker process is ready to serve import requests
Launched and connected shader compiler UnityShaderCompiler.exe after 0.09 seconds
Refreshing native plugins compatible for Editor in 0.67 ms, found 3 plugins.
Preloading 0 native plugins for Editor in 0.00 ms.
Unloading 2091 Unused Serialized files (Serialized files now loaded: 0)
System memory in use before: 93.8 MB.
System memory in use after: 93.8 MB.

Unloading 28 unused Assets to reduce memory usage. Loaded Objects now: 2528.
Total: 4.715000 ms (FindLiveObjects: 0.307600 ms CreateObjectMapping: 0.208100 ms MarkObjects: 4.097600 ms  DeleteObjects: 0.100200 ms)

AssetImportParameters requested are different than current active one (requested -> active):
  custom:framework-win-MediaFoundation: 216162199b28c13a410421893ffa2e32 -> 
  custom:video-decoder-ogg-theora: a1e56fd34408186e4bbccfd4996cb3dc -> 
  custom:container-muxer-webm: aa71ff27fc2769a1b78a27578f13a17b -> 
  custom:container-demuxer-webm: 4f35f7cbe854078d1ac9338744f61a02 -> 
  custom:container-demuxer-ogg: 62fdf1f143b41e24485cea50d1cbac27 -> 
  custom:video-encoder-webm-vp8: eb34c28f22e8b96e1ab97ce403110664 -> 
  custom:video-decoder-webm-vp8: 9c59270c3fd7afecdb556c50c9e8de78 -> 
  custom:audio-decoder-ogg-vorbis: bf7c407c2cedff20999df2af8eb42d56 -> 
  custom:audio-encoder-webm-vorbis: bf7c407c2cedff20999df2af8eb42d56 -> 
========================================================================
Received Import Request.
  path: Assets/UI_Elements
  artifactKey: Guid(68b697f28083e9b42af2d3ef0d27cf96) Importer(815301076,1909f56bfc062723c751e8b465ee728b)
Start importing Assets/UI_Elements using Guid(68b697f28083e9b42af2d3ef0d27cf96) Importer(815301076,1909f56bfc062723c751e8b465ee728b)  -> (artifact id: '96b6dc56601fd36c5dd69bce04f34c1c') in 0.012775 seconds 
  Import took 0.037761 seconds .

========================================================================
Received Import Request.
  Time since last request: 5.566643 seconds.
  path: Assets/Material
  artifactKey: Guid(0db4d0c3f5c9a4a498ff63fd0c0c0223) Importer(815301076,1909f56bfc062723c751e8b465ee728b)
Start importing Assets/Material using Guid(0db4d0c3f5c9a4a498ff63fd0c0c0223) Importer(815301076,1909f56bfc062723c751e8b465ee728b)  -> (artifact id: '9de46355fe7e191bf200ff4a19cd459b') in 0.015745 seconds 
  Import took 0.031417 seconds .

========================================================================
Received Import Request.
  Time since last request: 2.171802 seconds.
  path: Assets/Materials
  artifactKey: Guid(0db4d0c3f5c9a4a498ff63fd0c0c0223) Importer(815301076,1909f56bfc062723c751e8b465ee728b)
Start importing Assets/Materials using Guid(0db4d0c3f5c9a4a498ff63fd0c0c0223) Importer(815301076,1909f56bfc062723c751e8b465ee728b)  -> (artifact id: 'bb773e850e0c16337d3b7e150293ae1d') in 0.016829 seconds 
  Import took 0.027248 seconds .

========================================================================
Received Prepare
Registering precompiled user dll's ...
Registered in 0.005048 seconds.
Begin MonoManager ReloadAssembly
Native extension for WindowsStandalone target not found
Refreshing native plugins compatible for Editor in 0.89 ms, found 3 plugins.
Preloading 0 native plugins for Editor in 0.00 ms.
Mono: successfully reloaded assembly
- Completed reload, in  1.471 seconds
Domain Reload Profiling:
	ReloadAssembly (1471ms)
		BeginReloadAssembly (159ms)
			ExecutionOrderSort (0ms)
			DisableScriptedObjects (9ms)
			BackupInstance (0ms)
			ReleaseScriptingObjects (0ms)
			CreateAndSetChildDomain (56ms)
		EndReloadAssembly (1227ms)
			LoadAssemblies (119ms)
			RebuildTransferFunctionScriptingTraits (0ms)
			SetupTypeCache (430ms)
			ReleaseScriptCaches (2ms)
			RebuildScriptCaches (59ms)
			SetupLoadedEditorAssemblies (465ms)
				LogAssemblyErrors (0ms)
				InitializePlatformSupportModulesInManaged (7ms)
				SetLoadedEditorAssemblies (1ms)
				RefreshPlugins (1ms)
				BeforeProcessingInitializeOnLoad (105ms)
				ProcessInitializeOnLoadAttributes (338ms)
				ProcessInitializeOnLoadMethodAttributes (7ms)
				AfterProcessingInitializeOnLoad (7ms)
				EditorAssembliesLoaded (0ms)
			ExecutionOrderSort2 (0ms)
			AwakeInstancesAfterBackupRestoration (13ms)
Platform modules already initialized, skipping
Switching build target platform(19) subTarget(0) extendedPlatform(0) -> platform(13) subTarget(537395200) extendedPlatform(0)
Refreshing native plugins compatible for Editor in 0.63 ms, found 3 plugins.
Preloading 0 native plugins for Editor in 0.00 ms.
Unloading 2085 Unused Serialized files (Serialized files now loaded: 0)
System memory in use before: 93.2 MB.
System memory in use after: 93.3 MB.

Unloading 16 unused Assets to reduce memory usage. Loaded Objects now: 2531.
Total: 4.389100 ms (FindLiveObjects: 0.348000 ms CreateObjectMapping: 0.226300 ms MarkObjects: 3.787200 ms  DeleteObjects: 0.026300 ms)

AssetImportParameters requested are different than current active one (requested -> active):
  custom:framework-win-MediaFoundation: 216162199b28c13a410421893ffa2e32 -> 
  custom:video-decoder-ogg-theora: a1e56fd34408186e4bbccfd4996cb3dc -> 
  custom:container-muxer-webm: aa71ff27fc2769a1b78a27578f13a17b -> 
  custom:container-demuxer-webm: 4f35f7cbe854078d1ac9338744f61a02 -> 
  custom:container-demuxer-ogg: 62fdf1f143b41e24485cea50d1cbac27 -> 
  custom:video-encoder-webm-vp8: eb34c28f22e8b96e1ab97ce403110664 -> 
  custom:video-decoder-webm-vp8: 9c59270c3fd7afecdb556c50c9e8de78 -> 
  custom:graphics/normal-map-encoding: 01000000000000000000000000000000 -> 02000000000000000000000000000000
  custom:audio-decoder-ogg-vorbis: bf7c407c2cedff20999df2af8eb42d56 -> 
  custom:audio-encoder-webm-vorbis: bf7c407c2cedff20999df2af8eb42d56 -> 
========================================================================
Received Prepare
Refreshing native plugins compatible for Editor in 4.21 ms, found 3 plugins.
Preloading 0 native plugins for Editor in 0.00 ms.
Unloading 14 Unused Serialized files (Serialized files now loaded: 0)
System memory in use before: 51.6 MB.
System memory in use after: 51.7 MB.

Unloading 14 unused Assets to reduce memory usage. Loaded Objects now: 2531.
Total: 5.485700 ms (FindLiveObjects: 0.359900 ms CreateObjectMapping: 0.253700 ms MarkObjects: 4.844000 ms  DeleteObjects: 0.026700 ms)

AssetImportParameters requested are different than current active one (requested -> active):
  custom:framework-win-MediaFoundation: 216162199b28c13a410421893ffa2e32 -> 
  custom:video-decoder-ogg-theora: a1e56fd34408186e4bbccfd4996cb3dc -> 
  custom:container-muxer-webm: aa71ff27fc2769a1b78a27578f13a17b -> 
  custom:container-demuxer-webm: 4f35f7cbe854078d1ac9338744f61a02 -> 
  custom:container-demuxer-ogg: 62fdf1f143b41e24485cea50d1cbac27 -> 
  custom:video-encoder-webm-vp8: eb34c28f22e8b96e1ab97ce403110664 -> 
  custom:video-decoder-webm-vp8: 9c59270c3fd7afecdb556c50c9e8de78 -> 
  custom:audio-decoder-ogg-vorbis: bf7c407c2cedff20999df2af8eb42d56 -> 
  custom:audio-encoder-webm-vorbis: bf7c407c2cedff20999df2af8eb42d56 -> 
========================================================================
Received Prepare
Refreshing native plugins compatible for Editor in 3.98 ms, found 3 plugins.
Preloading 0 native plugins for Editor in 0.00 ms.
Unloading 14 Unused Serialized files (Serialized files now loaded: 0)
System memory in use before: 51.6 MB.
System memory in use after: 51.7 MB.

Unloading 14 unused Assets to reduce memory usage. Loaded Objects now: 2531.
Total: 16.837400 ms (FindLiveObjects: 12.322500 ms CreateObjectMapping: 0.155100 ms MarkObjects: 4.336400 ms  DeleteObjects: 0.022000 ms)

AssetImportParameters requested are different than current active one (requested -> active):
  custom:framework-win-MediaFoundation: 216162199b28c13a410421893ffa2e32 -> 
  custom:video-decoder-ogg-theora: a1e56fd34408186e4bbccfd4996cb3dc -> 
  custom:container-muxer-webm: aa71ff27fc2769a1b78a27578f13a17b -> 
  custom:container-demuxer-webm: 4f35f7cbe854078d1ac9338744f61a02 -> 
  custom:container-demuxer-ogg: 62fdf1f143b41e24485cea50d1cbac27 -> 
  custom:video-encoder-webm-vp8: eb34c28f22e8b96e1ab97ce403110664 -> 
  custom:video-decoder-webm-vp8: 9c59270c3fd7afecdb556c50c9e8de78 -> 
  custom:audio-decoder-ogg-vorbis: bf7c407c2cedff20999df2af8eb42d56 -> 
  custom:audio-encoder-webm-vorbis: bf7c407c2cedff20999df2af8eb42d56 -> 
========================================================================
Received Import Request.
  Time since last request: 125.520442 seconds.
  path: Assets/Scenes
  artifactKey: Guid(1e162dd4c14054c45857770bd3486cfc) Importer(815301076,1909f56bfc062723c751e8b465ee728b)
Start importing Assets/Scenes using Guid(1e162dd4c14054c45857770bd3486cfc) Importer(815301076,1909f56bfc062723c751e8b465ee728b)  -> (artifact id: 'd595f9eb4cc43b493eb4da189c59d19a') in 0.008739 seconds 
  Import took 0.013598 seconds .

========================================================================
Received Import Request.
  Time since last request: 0.006540 seconds.
  path: Assets/Scenes
  artifactKey: Guid(1e162dd4c14054c45857770bd3486cfc) Importer(815301076,1909f56bfc062723c751e8b465ee728b)
Start importing Assets/Scenes using Guid(1e162dd4c14054c45857770bd3486cfc) Importer(815301076,1909f56bfc062723c751e8b465ee728b)  -> (artifact id: 'd595f9eb4cc43b493eb4da189c59d19a') in 0.006896 seconds 
  Import took 0.031165 seconds .

========================================================================
Received Import Request.
  Time since last request: 40.811049 seconds.
  path: Assets/2D Sprites
  artifactKey: Guid(7a182eb27c5a6354da5fc5cdc4fbae86) Importer(815301076,1909f56bfc062723c751e8b465ee728b)
Start importing Assets/2D Sprites using Guid(7a182eb27c5a6354da5fc5cdc4fbae86) Importer(815301076,1909f56bfc062723c751e8b465ee728b)  -> (artifact id: '4d4ed1b0e0b1058c89b10599624b3c22') in 0.009704 seconds 
  Import took 0.017425 seconds .

========================================================================
Received Import Request.
  Time since last request: 0.610303 seconds.
  path: Assets/2D Sprites/Game.ai
  artifactKey: Guid(6bf845b3f7a4f2942a91c40400d97726) Importer(815301076,1909f56bfc062723c751e8b465ee728b)
Start importing Assets/2D Sprites/Game.ai using Guid(6bf845b3f7a4f2942a91c40400d97726) Importer(815301076,1909f56bfc062723c751e8b465ee728b)  -> (artifact id: 'f3acf13b6cba6942218d341502dc160a') in 0.046856 seconds 
  Import took 0.054066 seconds .

========================================================================
Received Import Request.
  Time since last request: 532.230243 seconds.
  path: Assets/Scenes/GamePlay
  artifactKey: Guid(e2df410327b23e04b9483f62c8ed84fb) Importer(815301076,1909f56bfc062723c751e8b465ee728b)
Start importing Assets/Scenes/GamePlay using Guid(e2df410327b23e04b9483f62c8ed84fb) Importer(815301076,1909f56bfc062723c751e8b465ee728b)  -> (artifact id: 'd396a23629d45cb044b8545685dbe3c8') in 0.008101 seconds 
  Import took 0.014765 seconds .

========================================================================
Received Import Request.
  Time since last request: 13.079689 seconds.
  path: Assets/Scenes/GamePlay.unity
  artifactKey: Guid(dfd134b862ed9c84ab23bb43955f6229) Importer(815301076,1909f56bfc062723c751e8b465ee728b)
Start importing Assets/Scenes/GamePlay.unity using Guid(dfd134b862ed9c84ab23bb43955f6229) Importer(815301076,1909f56bfc062723c751e8b465ee728b)  -> (artifact id: 'b43c708651a02b8be452f1a993d2999d') in 0.010754 seconds 
  Import took 0.015288 seconds .

========================================================================
Received Import Request.
  Time since last request: 4.402692 seconds.
  path: Assets/Scenes/SampleScene.unity
  artifactKey: Guid(2cda990e2423bbf4892e6590ba056729) Importer(815301076,1909f56bfc062723c751e8b465ee728b)
Start importing Assets/Scenes/SampleScene.unity using Guid(2cda990e2423bbf4892e6590ba056729) Importer(815301076,1909f56bfc062723c751e8b465ee728b)  -> (artifact id: 'aa27944bdea339c97c39027c7eea529c') in 0.012263 seconds 
  Import took 0.019873 seconds .

========================================================================
Received Import Request.
  Time since last request: 4.542594 seconds.
  path: Assets/Scenes/MainMenu.unity
  artifactKey: Guid(2cda990e2423bbf4892e6590ba056729) Importer(815301076,1909f56bfc062723c751e8b465ee728b)
Start importing Assets/Scenes/MainMenu.unity using Guid(2cda990e2423bbf4892e6590ba056729) Importer(815301076,1909f56bfc062723c751e8b465ee728b)  -> (artifact id: 'cce2982ab7378f254519d8d8ffe90427') in 0.009168 seconds 
  Import took 0.016627 seconds .

AssetImportWorkerClient::OnTransportError - code=2 error=End of file
