Using pre-set license
Built from '2020.3/staging' branch; Version is '2020.3.16f1 (049d6eca3c44) revision 302446'; Using compiler version '192528614'; Build Type 'Release'
OS: 'Windows 10 Pro; OS build 19043.1237; Version 2009; 64bit' Language: 'en' Physical Memory: 8009 MB
BatchMode: 1, IsHumanControllingUs: 0, StartBugReporterOnCrash: 0, Is64bit: 1, IsPro: 0

 COMMAND LINE ARGUMENTS:
C:\Program Files\2020.3.16f1\Editor\Unity.exe
-adb2
-batchMode
-noUpm
-name
AssetImportWorker1
-projectPath
F:/Game Dev Work/Internship @DeMax Studios/Week_1/MeteroidAttack/Project_Folder/Meteroid_Attack
-logFile
Logs/AssetImportWorker1.log
-srvPort
59435
Successfully changed project path to: F:/Game Dev Work/Internship @DeMax Studios/Week_1/MeteroidAttack/Project_Folder/Meteroid_Attack
F:/Game Dev Work/Internship @DeMax Studios/Week_1/MeteroidAttack/Project_Folder/Meteroid_Attack
Using Asset Import Pipeline V2.
Refreshing native plugins compatible for Editor in 71.92 ms, found 3 plugins.
Preloading 0 native plugins for Editor in 0.00 ms.
Initialize engine version: 2020.3.16f1 (049d6eca3c44)
[Subsystems] Discovering subsystems at path C:/Program Files/2020.3.16f1/Editor/Data/Resources/UnitySubsystems
[Subsystems] Discovering subsystems at path F:/Game Dev Work/Internship @DeMax Studios/Week_1/MeteroidAttack/Project_Folder/Meteroid_Attack/Assets
GfxDevice: creating device client; threaded=0
Direct3D:
    Version:  Direct3D 11.0 [level 11.1]
    Renderer: Intel(R) HD Graphics 4600 (ID=0x412)
    Vendor:   
    VRAM:     2048 MB
    Driver:   20.19.15.4963
Initialize mono
Mono path[0] = 'C:/Program Files/2020.3.16f1/Editor/Data/Managed'
Mono path[1] = 'C:/Program Files/2020.3.16f1/Editor/Data/MonoBleedingEdge/lib/mono/unityjit'
Mono config path = 'C:/Program Files/2020.3.16f1/Editor/Data/MonoBleedingEdge/etc'
Using monoOptions --debugger-agent=transport=dt_socket,embedding=1,server=y,suspend=n,address=127.0.0.1:56296
Begin MonoManager ReloadAssembly
Registering precompiled unity dll's ...
Register platform support module: C:/Program Files/2020.3.16f1/Editor/Data/PlaybackEngines/WindowsStandaloneSupport/UnityEditor.WindowsStandalone.Extensions.dll
Registered in 0.001821 seconds.
Native extension for WindowsStandalone target not found
Refreshing native plugins compatible for Editor in 57.92 ms, found 3 plugins.
Preloading 0 native plugins for Editor in 0.00 ms.
Mono: successfully reloaded assembly
- Completed reload, in  2.388 seconds
Domain Reload Profiling:
	ReloadAssembly (2388ms)
		BeginReloadAssembly (89ms)
			ExecutionOrderSort (0ms)
			DisableScriptedObjects (0ms)
			BackupInstance (0ms)
			ReleaseScriptingObjects (0ms)
			CreateAndSetChildDomain (1ms)
		EndReloadAssembly (642ms)
			LoadAssemblies (85ms)
			RebuildTransferFunctionScriptingTraits (0ms)
			SetupTypeCache (257ms)
			ReleaseScriptCaches (0ms)
			RebuildScriptCaches (44ms)
			SetupLoadedEditorAssemblies (246ms)
				LogAssemblyErrors (0ms)
				InitializePlatformSupportModulesInManaged (5ms)
				SetLoadedEditorAssemblies (0ms)
				RefreshPlugins (58ms)
				BeforeProcessingInitializeOnLoad (26ms)
				ProcessInitializeOnLoadAttributes (114ms)
				ProcessInitializeOnLoadMethodAttributes (42ms)
				AfterProcessingInitializeOnLoad (0ms)
				EditorAssembliesLoaded (0ms)
			ExecutionOrderSort2 (0ms)
			AwakeInstancesAfterBackupRestoration (0ms)
Platform modules already initialized, skipping
Registering precompiled user dll's ...
Registered in 0.004076 seconds.
Begin MonoManager ReloadAssembly
Native extension for WindowsStandalone target not found
Refreshing native plugins compatible for Editor in 55.11 ms, found 3 plugins.
Preloading 0 native plugins for Editor in 0.00 ms.
Mono: successfully reloaded assembly
- Completed reload, in  2.860 seconds
Domain Reload Profiling:
	ReloadAssembly (2861ms)
		BeginReloadAssembly (197ms)
			ExecutionOrderSort (0ms)
			DisableScriptedObjects (5ms)
			BackupInstance (0ms)
			ReleaseScriptingObjects (0ms)
			CreateAndSetChildDomain (29ms)
		EndReloadAssembly (2575ms)
			LoadAssemblies (1156ms)
			RebuildTransferFunctionScriptingTraits (0ms)
			SetupTypeCache (420ms)
			ReleaseScriptCaches (1ms)
			RebuildScriptCaches (70ms)
			SetupLoadedEditorAssemblies (754ms)
				LogAssemblyErrors (0ms)
				InitializePlatformSupportModulesInManaged (6ms)
				SetLoadedEditorAssemblies (0ms)
				RefreshPlugins (55ms)
				BeforeProcessingInitializeOnLoad (100ms)
				ProcessInitializeOnLoadAttributes (570ms)
				ProcessInitializeOnLoadMethodAttributes (16ms)
				AfterProcessingInitializeOnLoad (6ms)
				EditorAssembliesLoaded (0ms)
			ExecutionOrderSort2 (0ms)
			AwakeInstancesAfterBackupRestoration (9ms)
Platform modules already initialized, skipping
========================================================================
Worker process is ready to serve import requests
Launched and connected shader compiler UnityShaderCompiler.exe after 0.11 seconds
Refreshing native plugins compatible for Editor in 0.62 ms, found 3 plugins.
Preloading 0 native plugins for Editor in 0.00 ms.
Unloading 2250 Unused Serialized files (Serialized files now loaded: 0)
System memory in use before: 99.0 MB.
System memory in use after: 99.1 MB.

Unloading 31 unused Assets to reduce memory usage. Loaded Objects now: 2689.
Total: 4.692000 ms (FindLiveObjects: 0.284900 ms CreateObjectMapping: 0.120100 ms MarkObjects: 4.184000 ms  DeleteObjects: 0.101700 ms)

AssetImportParameters requested are different than current active one (requested -> active):
  custom:framework-win-MediaFoundation: 216162199b28c13a410421893ffa2e32 -> 
  custom:video-decoder-ogg-theora: a1e56fd34408186e4bbccfd4996cb3dc -> 
  custom:container-muxer-webm: aa71ff27fc2769a1b78a27578f13a17b -> 
  custom:container-demuxer-webm: 4f35f7cbe854078d1ac9338744f61a02 -> 
  custom:container-demuxer-ogg: 62fdf1f143b41e24485cea50d1cbac27 -> 
  custom:video-encoder-webm-vp8: eb34c28f22e8b96e1ab97ce403110664 -> 
  custom:video-decoder-webm-vp8: 9c59270c3fd7afecdb556c50c9e8de78 -> 
  custom:audio-decoder-ogg-vorbis: bf7c407c2cedff20999df2af8eb42d56 -> 
  custom:audio-encoder-webm-vorbis: bf7c407c2cedff20999df2af8eb42d56 -> 
========================================================================
Received Import Request.
  path: Assets/2D Sprites/BG.png
  artifactKey: Guid(e6960592dde1fc246a756f8ba32a70d1) Importer(815301076,1909f56bfc062723c751e8b465ee728b)
Start importing Assets/2D Sprites/BG.png using Guid(e6960592dde1fc246a756f8ba32a70d1) Importer(815301076,1909f56bfc062723c751e8b465ee728b)  -> (artifact id: '7f20a2aa637c67dc7f0819706c922029') in 0.186125 seconds 
  Import took 0.203622 seconds .

========================================================================
Received Import Request.
  Time since last request: 9.901069 seconds.
  path: Assets/2D Sprites/BG.png
  artifactKey: Guid(e6960592dde1fc246a756f8ba32a70d1) Importer(815301076,1909f56bfc062723c751e8b465ee728b)
Start importing Assets/2D Sprites/BG.png using Guid(e6960592dde1fc246a756f8ba32a70d1) Importer(815301076,1909f56bfc062723c751e8b465ee728b)  -> (artifact id: '8502f512050c9897a269dcc67d265a28') in 0.051618 seconds 
  Import took 0.056672 seconds .

========================================================================
Received Import Request.
  Time since last request: 511.596827 seconds.
  path: Assets/2D Sprites/bg set 5/8/PNG 1024x512/1.png
  artifactKey: Guid(adc1126a28914304884d98b9c689afce) Importer(815301076,1909f56bfc062723c751e8b465ee728b)
Start importing Assets/2D Sprites/bg set 5/8/PNG 1024x512/1.png using Guid(adc1126a28914304884d98b9c689afce) Importer(815301076,1909f56bfc062723c751e8b465ee728b)  -> (artifact id: '1b848885c1695abc919152b9b5349759') in 0.034267 seconds 
  Import took 0.040464 seconds .

========================================================================
Received Import Request.
  Time since last request: 0.000238 seconds.
  path: Assets/2D Sprites/bg set 5/8/PNG 1024x512/3.png
  artifactKey: Guid(c2736d0131079b547a76af58b3f57976) Importer(815301076,1909f56bfc062723c751e8b465ee728b)
Start importing Assets/2D Sprites/bg set 5/8/PNG 1024x512/3.png using Guid(c2736d0131079b547a76af58b3f57976) Importer(815301076,1909f56bfc062723c751e8b465ee728b)  -> (artifact id: 'be2807d0c2550b36181168e516de52d2') in 0.022616 seconds 
  Import took 0.030142 seconds .

========================================================================
Received Import Request.
  Time since last request: 0.000231 seconds.
  path: Assets/2D Sprites/bg set 5/8/PNG 1024x512/12.png
  artifactKey: Guid(09d6a134ac19bfd49b38661459b25620) Importer(815301076,1909f56bfc062723c751e8b465ee728b)
Start importing Assets/2D Sprites/bg set 5/8/PNG 1024x512/12.png using Guid(09d6a134ac19bfd49b38661459b25620) Importer(815301076,1909f56bfc062723c751e8b465ee728b)  -> (artifact id: '37adaca70e03d685c609e065fbdfa820') in 0.042137 seconds 
  Import took 0.047812 seconds .

========================================================================
Received Import Request.
  Time since last request: 0.000227 seconds.
  path: Assets/2D Sprites/bg set 5/8/PNG 1024x512/7.png
  artifactKey: Guid(7dd1b7a9e3aaa9e4598008329d1649fb) Importer(815301076,1909f56bfc062723c751e8b465ee728b)
Start importing Assets/2D Sprites/bg set 5/8/PNG 1024x512/7.png using Guid(7dd1b7a9e3aaa9e4598008329d1649fb) Importer(815301076,1909f56bfc062723c751e8b465ee728b)  -> (artifact id: '7450e2986df12b9fe0fbb30ad7efebc7') in 0.024583 seconds 
  Import took 0.029760 seconds .

========================================================================
Received Import Request.
  Time since last request: 0.000229 seconds.
  path: Assets/2D Sprites/bg set 5/8/PNG 1024x512/10.png
  artifactKey: Guid(f60325b5ec5539548bbbddade2e25d79) Importer(815301076,1909f56bfc062723c751e8b465ee728b)
Start importing Assets/2D Sprites/bg set 5/8/PNG 1024x512/10.png using Guid(f60325b5ec5539548bbbddade2e25d79) Importer(815301076,1909f56bfc062723c751e8b465ee728b)  -> (artifact id: 'bb6a0d19c422cff541e381215b94e666') in 0.026419 seconds 
  Import took 0.035681 seconds .

========================================================================
Received Import Request.
  Time since last request: 0.000399 seconds.
  path: Assets/2D Sprites/bg set 5/8/PNG 1024x512/8.png
  artifactKey: Guid(2730c2cb1b000ce458e13d49c2679acd) Importer(815301076,1909f56bfc062723c751e8b465ee728b)
Start importing Assets/2D Sprites/bg set 5/8/PNG 1024x512/8.png using Guid(2730c2cb1b000ce458e13d49c2679acd) Importer(815301076,1909f56bfc062723c751e8b465ee728b)  -> (artifact id: '685055b25cb77c57fe77a01d87db4cd6') in 0.028637 seconds 
  Import took 0.035578 seconds .

========================================================================
Received Import Request.
  Time since last request: 0.000195 seconds.
  path: Assets/2D Sprites/bg set 5/8/PNG 1024x512/4.png
  artifactKey: Guid(3ce479de5eba94b459b54975365af5a5) Importer(815301076,1909f56bfc062723c751e8b465ee728b)
Start importing Assets/2D Sprites/bg set 5/8/PNG 1024x512/4.png using Guid(3ce479de5eba94b459b54975365af5a5) Importer(815301076,1909f56bfc062723c751e8b465ee728b)  -> (artifact id: '9aece38b5cfca48636a8418605594f99') in 0.030113 seconds 
  Import took 0.034744 seconds .

========================================================================
Received Import Request.
  Time since last request: 0.000220 seconds.
  path: Assets/2D Sprites/bg set 5/8/PNG 1024x512/6.png
  artifactKey: Guid(5ca620352e4ad17489456ab03bd0c888) Importer(815301076,1909f56bfc062723c751e8b465ee728b)
Start importing Assets/2D Sprites/bg set 5/8/PNG 1024x512/6.png using Guid(5ca620352e4ad17489456ab03bd0c888) Importer(815301076,1909f56bfc062723c751e8b465ee728b)  -> (artifact id: 'e1d17524fe666a1eda01969ffb52008c') in 0.018944 seconds 
  Import took 0.024311 seconds .

========================================================================
Received Import Request.
  Time since last request: 0.000242 seconds.
  path: Assets/2D Sprites/bg set 5/8/PNG 1024x512/9.png
  artifactKey: Guid(b9d87e143ff143b4baa2ce6338f78e6e) Importer(815301076,1909f56bfc062723c751e8b465ee728b)
Start importing Assets/2D Sprites/bg set 5/8/PNG 1024x512/9.png using Guid(b9d87e143ff143b4baa2ce6338f78e6e) Importer(815301076,1909f56bfc062723c751e8b465ee728b)  -> (artifact id: '8de811c2c6f97901577b08f897145abd') in 0.027017 seconds 
  Import took 0.033217 seconds .

========================================================================
Received Import Request.
  Time since last request: 0.000191 seconds.
  path: Assets/2D Sprites/bg set 5/8/PNG 1024x512/11.png
  artifactKey: Guid(0f7e26ad7bdf97645a513c2be6dcf78a) Importer(815301076,1909f56bfc062723c751e8b465ee728b)
Start importing Assets/2D Sprites/bg set 5/8/PNG 1024x512/11.png using Guid(0f7e26ad7bdf97645a513c2be6dcf78a) Importer(815301076,1909f56bfc062723c751e8b465ee728b)  -> (artifact id: '787e077f3106a4f4dd04d1b2043acc1d') in 0.023577 seconds 
  Import took 0.029671 seconds .

========================================================================
Received Import Request.
  Time since last request: 0.000383 seconds.
  path: Assets/2D Sprites/bg set 5/8/PNG 1024x512/5.png
  artifactKey: Guid(2185dbbb48075834694e48e6b77d9bb4) Importer(815301076,1909f56bfc062723c751e8b465ee728b)
Start importing Assets/2D Sprites/bg set 5/8/PNG 1024x512/5.png using Guid(2185dbbb48075834694e48e6b77d9bb4) Importer(815301076,1909f56bfc062723c751e8b465ee728b)  -> (artifact id: '151f0e55c04aa9ef3bb8aa673fdd3b94') in 0.042763 seconds 
  Import took 0.048472 seconds .

========================================================================
Received Import Request.
  Time since last request: 0.000209 seconds.
  path: Assets/2D Sprites/bg set 5/8/PNG 1024x512/2.png
  artifactKey: Guid(e558f7911bce8d64f839d1535f39b2fa) Importer(815301076,1909f56bfc062723c751e8b465ee728b)
Start importing Assets/2D Sprites/bg set 5/8/PNG 1024x512/2.png using Guid(e558f7911bce8d64f839d1535f39b2fa) Importer(815301076,1909f56bfc062723c751e8b465ee728b)  -> (artifact id: '8f93fcc6783442d26cafdda388b06612') in 0.025551 seconds 
  Import took 0.030788 seconds .

========================================================================
Received Import Request.
  Time since last request: 0.003519 seconds.
  path: Assets/2D Sprites/bg set 5/8/PNG 1024x512/2.png
  artifactKey: Guid(e558f7911bce8d64f839d1535f39b2fa) Importer(815301076,1909f56bfc062723c751e8b465ee728b)
Start importing Assets/2D Sprites/bg set 5/8/PNG 1024x512/2.png using Guid(e558f7911bce8d64f839d1535f39b2fa) Importer(815301076,1909f56bfc062723c751e8b465ee728b)  -> (artifact id: '8f93fcc6783442d26cafdda388b06612') in 0.017153 seconds 
  Import took 0.023461 seconds .

========================================================================
Received Import Request.
  Time since last request: 43.226605 seconds.
  path: Assets/2D Sprites/bg set 5/Saber.png
  artifactKey: Guid(56b9841bf2116ad4584d3783b345cf40) Importer(815301076,1909f56bfc062723c751e8b465ee728b)
Start importing Assets/2D Sprites/bg set 5/Saber.png using Guid(56b9841bf2116ad4584d3783b345cf40) Importer(815301076,1909f56bfc062723c751e8b465ee728b)  -> (artifact id: '9517ec0403479e328877374593d606ad') in 0.020447 seconds 
  Import took 0.040580 seconds .

AssetImportWorkerClient::OnTransportError - code=2 error=End of file
